# Logfile created on 2014-04-16 16:48:14 -0700 by logger.rb/44203
I, [2014-04-16T16:48:14.779654 #6851]  INFO -- : 0:  backports (3.6.0) from /Users/courtney/.rvm/gems/ruby-2.1.0/specifications/backports-3.6.0.gemspec
I, [2014-04-16T16:48:15.601378 #6851]  INFO -- : 0:  mime-types (2.2) from /Users/courtney/.rvm/gems/ruby-2.1.0/specifications/mime-types-2.2.gemspec
I, [2014-04-16T16:48:16.545188 #6851]  INFO -- : 0:  mini_portile (0.5.3) from /Users/courtney/.rvm/gems/ruby-2.1.0/specifications/mini_portile-0.5.3.gemspec
I, [2014-04-16T16:50:13.208601 #6851]  INFO -- : 0:  nokogiri (1.6.1) from /Users/courtney/.rvm/gems/ruby-2.1.0/specifications/nokogiri-1.6.1.gemspec
I, [2014-04-16T16:50:13.209323 #6851]  INFO -- : 0:  rack (1.5.2) from /Users/courtney/.rvm/gems/ruby-2.1.0/specifications/rack-1.5.2.gemspec
I, [2014-04-16T16:50:13.209654 #6851]  INFO -- : 0:  rack-test (0.6.2) from /Users/courtney/.rvm/gems/ruby-2.1.0/specifications/rack-test-0.6.2.gemspec
I, [2014-04-16T16:50:13.732516 #6851]  INFO -- : 0:  xpath (2.0.0) from /Users/courtney/.rvm/gems/ruby-2.1.0/specifications/xpath-2.0.0.gemspec
I, [2014-04-16T16:50:15.021874 #6851]  INFO -- : 0:  capybara (2.2.1) from /Users/courtney/.rvm/gems/ruby-2.1.0/specifications/capybara-2.2.1.gemspec
I, [2014-04-16T16:50:15.022293 #6851]  INFO -- : 0:  coderay (1.1.0) from /Users/courtney/.rvm/gems/ruby-2.1.0/specifications/coderay-1.1.0.gemspec
I, [2014-04-16T16:50:15.022592 #6851]  INFO -- : 0:  diff-lcs (1.2.5) from /Users/courtney/.rvm/gems/ruby-2.1.0/specifications/diff-lcs-1.2.5.gemspec
I, [2014-04-16T16:50:15.022880 #6851]  INFO -- : 0:  ffi (1.9.3) from /Users/courtney/.rvm/gems/ruby-2.1.0/specifications/ffi-1.9.3.gemspec
I, [2014-04-16T16:50:15.023165 #6851]  INFO -- : 0:  ethon (0.7.0) from /Users/courtney/.rvm/gems/ruby-2.1.0/specifications/ethon-0.7.0.gemspec
I, [2014-04-16T16:50:15.023436 #6851]  INFO -- : 0:  json (1.8.1) from /Users/courtney/.rvm/rubies/ruby-2.1.0/lib/ruby/gems/2.1.0/specifications/default/json-1.8.1.gemspec
I, [2014-04-16T16:50:15.023722 #6851]  INFO -- : 0:  method_source (0.8.2) from /Users/courtney/.rvm/gems/ruby-2.1.0/specifications/method_source-0.8.2.gemspec
I, [2014-04-16T16:50:15.158628 #6851]  INFO -- : 0:  multi_json (1.9.2) from /Users/courtney/.rvm/gems/ruby-2.1.0/specifications/multi_json-1.9.2.gemspec
I, [2014-04-16T16:50:15.159039 #6851]  INFO -- : 0:  slop (3.5.0) from /Users/courtney/.rvm/gems/ruby-2.1.0/specifications/slop-3.5.0.gemspec
I, [2014-04-16T16:50:15.159342 #6851]  INFO -- : 0:  pry (0.9.12.6) from /Users/courtney/.rvm/gems/ruby-2.1.0/specifications/pry-0.9.12.6.gemspec
I, [2014-04-16T16:50:15.159629 #6851]  INFO -- : 0:  rack-protection (1.5.3) from /Users/courtney/.rvm/gems/ruby-2.1.0/specifications/rack-protection-1.5.3.gemspec
I, [2014-04-16T16:50:15.159920 #6851]  INFO -- : 0:  rspec-core (2.14.8) from /Users/courtney/.rvm/gems/ruby-2.1.0/specifications/rspec-core-2.14.8.gemspec
I, [2014-04-16T16:50:15.160267 #6851]  INFO -- : 0:  rspec-expectations (2.14.5) from /Users/courtney/.rvm/gems/ruby-2.1.0/specifications/rspec-expectations-2.14.5.gemspec
I, [2014-04-16T16:50:15.160609 #6851]  INFO -- : 0:  rspec-mocks (2.14.6) from /Users/courtney/.rvm/gems/ruby-2.1.0/specifications/rspec-mocks-2.14.6.gemspec
I, [2014-04-16T16:50:15.160996 #6851]  INFO -- : 0:  rspec (2.14.1) from /Users/courtney/.rvm/gems/ruby-2.1.0/specifications/rspec-2.14.1.gemspec
I, [2014-04-16T16:50:15.161348 #6851]  INFO -- : 0:  tilt (1.4.1) from /Users/courtney/.rvm/gems/ruby-2.1.0/specifications/tilt-1.4.1.gemspec
I, [2014-04-16T16:50:15.161636 #6851]  INFO -- : 0:  sinatra (1.4.5) from /Users/courtney/.rvm/gems/ruby-2.1.0/specifications/sinatra-1.4.5.gemspec
I, [2014-04-16T16:50:15.161968 #6851]  INFO -- : 0:  sinatra-contrib (1.4.2) from /Users/courtney/.rvm/gems/ruby-2.1.0/specifications/sinatra-contrib-1.4.2.gemspec
I, [2014-04-16T16:50:15.162252 #6851]  INFO -- : 0:  typhoeus (0.6.8) from /Users/courtney/.rvm/gems/ruby-2.1.0/specifications/typhoeus-0.6.8.gemspec
I, [2014-04-16T16:50:15.162523 #6851]  INFO -- : 0:  bundler (1.5.1) from /Users/courtney/.rvm/gems/ruby-2.1.0@global/specifications/bundler-1.5.1.gemspec
